  MatrixHandle.cpp
C:\Users\User\Desktop\Для вуза\ДЗ\Программирование\Курсовая\5\MatrixHandle.h(54,28): warning C4114: Множественное использование одного и того же квалификатора типа.
C:\Users\User\Desktop\Для вуза\ДЗ\Программирование\Курсовая\5\MatrixHandle.h(56,32): warning C4114: Множественное использование одного и того же квалификатора типа.
C:\Users\User\Desktop\Для вуза\ДЗ\Программирование\Курсовая\5\MatrixHandle.h(60,33): warning C4114: Множественное использование одного и того же квалификатора типа.
C:\Users\User\Desktop\Для вуза\ДЗ\Программирование\Курсовая\5\MatrixHandle.h(64,28): warning C4114: Множественное использование одного и того же квалификатора типа.
C:\Users\User\Desktop\Для вуза\ДЗ\Программирование\Курсовая\5\MatrixHandle.h(66,28): warning C4114: Множественное использование одного и того же квалификатора типа.
C:\Users\User\Desktop\Для вуза\ДЗ\Программирование\Курсовая\5\MatrixHandle.h(70,28): warning C4114: Множественное использование одного и того же квалификатора типа.
C:\Users\User\Desktop\Для вуза\ДЗ\Программирование\Курсовая\5\MatrixHandle.h(72,31): warning C4114: Множественное использование одного и того же квалификатора типа.
C:\Users\User\Desktop\Для вуза\ДЗ\Программирование\Курсовая\5\MatrixHandle.h(74,29): warning C4114: Множественное использование одного и того же квалификатора типа.
C:\Users\User\Desktop\Для вуза\ДЗ\Программирование\Курсовая\5\MatrixHandle.h(76,35): warning C4114: Множественное использование одного и того же квалификатора типа.
C:\Users\User\Desktop\Для вуза\ДЗ\Программирование\Курсовая\5\MatrixHandle.h(78,33): warning C4114: Множественное использование одного и того же квалификатора типа.
C:\Users\User\Desktop\Для вуза\ДЗ\Программирование\Курсовая\5\MatrixHandle.cpp(9,20): warning C4018: <: несоответствие типов со знаком и без знака
C:\Users\User\Desktop\Для вуза\ДЗ\Программирование\Курсовая\5\MatrixHandle.cpp(18,20): warning C4018: <: несоответствие типов со знаком и без знака
C:\Users\User\Desktop\Для вуза\ДЗ\Программирование\Курсовая\5\MatrixHandle.cpp(39,20): warning C4018: <: несоответствие типов со знаком и без знака
C:\Users\User\Desktop\Для вуза\ДЗ\Программирование\Курсовая\5\MatrixHandle.cpp(52,21): warning C4018: <: несоответствие типов со знаком и без знака
C:\Users\User\Desktop\Для вуза\ДЗ\Программирование\Курсовая\5\MatrixHandle.cpp(62,21): warning C4018: <: несоответствие типов со знаком и без знака
C:\Users\User\Desktop\Для вуза\ДЗ\Программирование\Курсовая\5\MatrixHandle.cpp(66,21): warning C4018: <: несоответствие типов со знаком и без знака
C:\Users\User\Desktop\Для вуза\ДЗ\Программирование\Курсовая\5\MatrixHandle.cpp(78,21): warning C4018: <: несоответствие типов со знаком и без знака
C:\Users\User\Desktop\Для вуза\ДЗ\Программирование\Курсовая\5\MatrixHandle.cpp(81,39): warning C4018: <: несоответствие типов со знаком и без знака
C:\Users\User\Desktop\Для вуза\ДЗ\Программирование\Курсовая\5\MatrixHandle.cpp(96,27): warning C4114: Множественное использование одного и того же квалификатора типа.
C:\Users\User\Desktop\Для вуза\ДЗ\Программирование\Курсовая\5\MatrixHandle.cpp(110,20): warning C4018: <: несоответствие типов со знаком и без знака
C:\Users\User\Desktop\Для вуза\ДЗ\Программирование\Курсовая\5\MatrixHandle.cpp(120,46): warning C4114: Множественное использование одного и того же квалификатора типа.
C:\Users\User\Desktop\Для вуза\ДЗ\Программирование\Курсовая\5\MatrixHandle.cpp(123,20): warning C4018: <: несоответствие типов со знаком и без знака
C:\Users\User\Desktop\Для вуза\ДЗ\Программирование\Курсовая\5\MatrixHandle.cpp(148,47): warning C4114: Множественное использование одного и того же квалификатора типа.
C:\Users\User\Desktop\Для вуза\ДЗ\Программирование\Курсовая\5\MatrixHandle.cpp(171,42): warning C4114: Множественное использование одного и того же квалификатора типа.
C:\Users\User\Desktop\Для вуза\ДЗ\Программирование\Курсовая\5\MatrixHandle.cpp(235,42): warning C4114: Множественное использование одного и того же квалификатора типа.
C:\Users\User\Desktop\Для вуза\ДЗ\Программирование\Курсовая\5\MatrixHandle.cpp(355,42): warning C4114: Множественное использование одного и того же квалификатора типа.
C:\Users\User\Desktop\Для вуза\ДЗ\Программирование\Курсовая\5\MatrixHandle.cpp(390,20): warning C4018: <: несоответствие типов со знаком и без знака
C:\Users\User\Desktop\Для вуза\ДЗ\Программирование\Курсовая\5\MatrixHandle.cpp(424,42): warning C4114: Множественное использование одного и того же квалификатора типа.
C:\Users\User\Desktop\Для вуза\ДЗ\Программирование\Курсовая\5\MatrixHandle.cpp(433,20): warning C4018: <: несоответствие типов со знаком и без знака
C:\Users\User\Desktop\Для вуза\ДЗ\Программирование\Курсовая\5\MatrixHandle.cpp(477,45): warning C4114: Множественное использование одного и того же квалификатора типа.
C:\Users\User\Desktop\Для вуза\ДЗ\Программирование\Курсовая\5\MatrixHandle.cpp(496,43): warning C4114: Множественное использование одного и того же квалификатора типа.
C:\Users\User\Desktop\Для вуза\ДЗ\Программирование\Курсовая\5\MatrixHandle.cpp(512,38): warning C4114: Множественное использование одного и того же квалификатора типа.
C:\Users\User\Desktop\Для вуза\ДЗ\Программирование\Курсовая\5\MatrixHandle.cpp(527,57): warning C4244: +=: преобразование "double" в "int", возможна потеря данных
C:\Users\User\Desktop\Для вуза\ДЗ\Программирование\Курсовая\5\MatrixHandle.cpp(538,49): warning C4114: Множественное использование одного и того же квалификатора типа.
C:\Users\User\Desktop\Для вуза\ДЗ\Программирование\Курсовая\5\MatrixHandle.cpp(610,47): warning C4114: Множественное использование одного и того же квалификатора типа.
C:\Users\User\Desktop\Для вуза\ДЗ\Программирование\Курсовая\5\MatrixHandle.cpp(725,21): warning C4018: <: несоответствие типов со знаком и без знака
C:\Users\User\Desktop\Для вуза\ДЗ\Программирование\Курсовая\5\MatrixHandle.cpp(773,21): warning C4018: <: несоответствие типов со знаком и без знака
  KP.vcxproj -> C:\Users\User\Desktop\Для вуза\ДЗ\Программирование\Курсовая\5\Debug\KP.exe
